
Showing logs for build [32mespinola-designs-jxl-golang-htt-9k87v-3[0m stage [32mfrom-build-pack[0m and container [32mstep-credential-initializer-mqvsq[0m
{"level":"warn","ts":1586063634.8007145,"logger":"fallback-logger","caller":"logging/config.go:69","msg":"Fetch GitHub commit ID from kodata failed: \"ref: refs/heads/0.8.0-**-support-backwards-incompats\" is not a valid GitHub commit ID"}
{"level":"info","ts":1586063634.8012028,"logger":"fallback-logger","caller":"creds-init/main.go:40","msg":"Credentials initialized."}

Showing logs for build [32mespinola-designs-jxl-golang-htt-9k87v-3[0m stage [32mfrom-build-pack[0m and container [32mstep-working-dir-initializer-vfn5p[0m
{"level":"warn","ts":1586063635.8172877,"logger":"fallback-logger","caller":"logging/config.go:69","msg":"Fetch GitHub commit ID from kodata failed: open /var/run/ko/HEAD: no such file or directory"}
{"level":"info","ts":1586063635.8182046,"logger":"fallback-logger","caller":"bash/main.go:64","msg":"Successfully executed command \"sh -c mkdir -p /workspace/source\"; output "}

Showing logs for build [32mespinola-designs-jxl-golang-htt-9k87v-3[0m stage [32mfrom-build-pack[0m and container [32mstep-place-tools[0m

Showing logs for build [32mespinola-designs-jxl-golang-htt-9k87v-3[0m stage [32mfrom-build-pack[0m and container [32mstep-git-source-espinola-designs-jxl-golang-htt-9k87v-8r6q9[0m
{"level":"warn","ts":1586063640.8811302,"logger":"fallback-logger","caller":"logging/config.go:69","msg":"Fetch GitHub commit ID from kodata failed: \"ref: refs/heads/0.8.0-**-support-backwards-incompats\" is not a valid GitHub commit ID"}
{"level":"info","ts":1586063641.331226,"logger":"fallback-logger","caller":"git/git.go:103","msg":"Successfully cloned https://github.com/espinola-designs/**l-golang-http-demo.git @ v0.0.3 in path /workspace/source"}

Showing logs for build [32mespinola-designs-jxl-golang-htt-9k87v-3[0m stage [32mfrom-build-pack[0m and container [32mstep-git-merge[0m
Using SHAs from PULL_REFS=master:d023bfd08710f13f8db0ee3e21285fa37ca45a99
WARNING: no SHAs to merge, falling back to initial cloned commit

Showing logs for build [32mespinola-designs-jxl-golang-htt-9k87v-3[0m stage [32mfrom-build-pack[0m and container [32mstep-setup-jx-git-credentials[0m
Generated Git credentials file /workspace/xdg_config/git/credentials

Showing logs for build [32mespinola-designs-jxl-golang-htt-9k87v-3[0m stage [32mfrom-build-pack[0m and container [32mstep-build-make-build[0m
CGO_ENABLED=0 GO15VENDOREXPERIMENT=1 go build -ldflags '' -o bin/**l-golang-http-demo main.go

Showing logs for build [32mespinola-designs-jxl-golang-htt-9k87v-3[0m stage [32mfrom-build-pack[0m and container [32mstep-build-container-build[0m
[36mINFO[0m[0000] No base image, nothing to extract            
[36mINFO[0m[0000] cmd: EXPOSE                                  
[36mINFO[0m[0000] Adding exposed port: 8080/tcp                
[36mINFO[0m[0000] Using files from context: [/workspace/source/bin] 
[36mINFO[0m[0000] Skipping unpacking as no commands require it. 
[36mINFO[0m[0000] Taking snapshot of full filesystem...        
[36mINFO[0m[0000] EXPOSE 8080                                  
[36mINFO[0m[0000] cmd: EXPOSE                                  
[36mINFO[0m[0000] Adding exposed port: 8080/tcp                
[36mINFO[0m[0000] No files changed in this command, skipping snapshotting. 
[36mINFO[0m[0000] ENTRYPOINT ["/**l-golang-http-demo"]         
[36mINFO[0m[0000] No files changed in this command, skipping snapshotting. 
[36mINFO[0m[0000] Using files from context: [/workspace/source/bin] 
[36mINFO[0m[0000] COPY ./bin/ /                                
[36mINFO[0m[0000] Taking snapshot of files...                  
error pushing image: failed to push to destination 999570084538.dkr.ecr.us-west-2.amazonaws.com/espinola-designs/espi-demo/**l-golang-http-demo:0.0.3: unsupported status code 401; body: 
[31m
Pipeline failed on stage 'from-build-pack' : container 'step-build-container-build'. The execution of the pipeline has stopped.[0m
